[03:10:55] [Client thread/INFO]: Setting user: Player822
[03:10:57] [Client thread/WARN]: Skipping bad option: lastServer:
[03:10:57] [Client thread/INFO]: LWJGL Version: 2.9.4
[03:10:59] [Client thread/INFO]: Reloading ResourceManager: Default, FMLFileResourcePack:Forge Mod Loader, FMLFileResourcePack:Minecraft Forge, FMLFileResourcePack:Deeds
[03:11:00] [Sound Library Loader/INFO]: Starting up SoundSystem...
[03:11:00] [Thread-8/INFO]: Initializing LWJGL OpenAL
[03:11:00] [Thread-8/INFO]: (The LWJGL binding of OpenAL.  For more information, see http://www.lwjgl.org)
[03:11:00] [Thread-8/INFO]: OpenAL initialized.
[03:11:00] [Sound Library Loader/INFO]: Sound engine started
[03:11:01] [Client thread/INFO]: Created: 16x16 textures-atlas
[03:11:02] [Client thread/INFO]: Reloading ResourceManager: Default, FMLFileResourcePack:Forge Mod Loader, FMLFileResourcePack:Minecraft Forge, FMLFileResourcePack:Deeds
[03:11:03] [Client thread/INFO]: SoundSystem shutting down...
[03:11:03] [Client thread/WARN]: Author: Paul Lamb, www.paulscode.com
[03:11:03] [Sound Library Loader/INFO]: Starting up SoundSystem...
[03:11:03] [Thread-10/INFO]: Initializing LWJGL OpenAL
[03:11:03] [Thread-10/INFO]: (The LWJGL binding of OpenAL.  For more information, see http://www.lwjgl.org)
[03:11:03] [Thread-10/INFO]: OpenAL initialized.
[03:11:04] [Sound Library Loader/INFO]: Sound engine started
[03:11:04] [Client thread/INFO]: Created: 512x512 textures-atlas
[03:11:05] [Client thread/WARN]: Skipping bad option: lastServer:
[03:11:06] [Realms Notification Availability checker #1/INFO]: Could not authorize you against Realms server: Invalid session id
[03:11:22] [Client thread/INFO]: Stopping!
[03:11:22] [Client thread/INFO]: SoundSystem shutting down...
[03:11:22] [Client thread/WARN]: Author: Paul Lamb, www.paulscode.com
